Added Component: Designator=C1(KYOCERA_CAP_TAN-C)
Add component (AddParameter): Name = "Capacitance"; Value = "220 µF"; VariantName = "[No Variations]"
Add component (AddParameter): Name = "Supplier 1"; Value = "Digi-Key"; VariantName = "[No Variations]"
Add component (AddParameter): Name = "Supplier 2"; Value = "Mouser"; VariantName = "[No Variations]"
Add component (AddParameter): Name = "Supplier 3"; Value = "Arrow Electronics"; VariantName = "[No Variations]"
Add component (AddParameter): Name = "Supplier Part Number 1"; Value = "478-8899-1-ND"; VariantName = "[No Variations]"
Add component (AddParameter): Name = "Supplier Part Number 2"; Value = "581-TAJC227M010RNJ"; VariantName = "[No Variations]"
Add component (AddParameter): Name = "Supplier Part Number 3"; Value = "TAJC227M010RNJ"; VariantName = "[No Variations]"
Added Component: Designator=C2(KEMET_CAP_TAN-B)
Add component (AddParameter): Name = "Capacitance"; Value = "10 µF"; VariantName = "[No Variations]"
Add component (AddParameter): Name = "Supplier 1"; Value = "Digi-Key"; VariantName = "[No Variations]"
Add component (AddParameter): Name = "Supplier 2"; Value = "Farnell"; VariantName = "[No Variations]"
Add component (AddParameter): Name = "Supplier 3"; Value = "Mouser"; VariantName = "[No Variations]"
Add component (AddParameter): Name = "Supplier Part Number 1"; Value = "399-3708-1-ND"; VariantName = "[No Variations]"
Add component (AddParameter): Name = "Supplier Part Number 2"; Value = "2462772"; VariantName = "[No Variations]"
Add component (AddParameter): Name = "Supplier Part Number 3"; Value = "80-T491B106M016"; VariantName = "[No Variations]"
Added Component: Designator=C3(SAMSUNG_CAP_0805_095)
Add component (AddParameter): Name = "Capacitance"; Value = "330 nF"; VariantName = "[No Variations]"
Add component (AddParameter): Name = "Supplier 1"; Value = "Digi-Key"; VariantName = "[No Variations]"
Add component (AddParameter): Name = "Supplier 2"; Value = "Mouser"; VariantName = "[No Variations]"
Add component (AddParameter): Name = "Supplier 3"; Value = "Arrow Electronics"; VariantName = "[No Variations]"
Add component (AddParameter): Name = "Supplier Part Number 1"; Value = "1276-1797-1-ND"; VariantName = "[No Variations]"
Add component (AddParameter): Name = "Supplier Part Number 2"; Value = "187-CL21B334KOCNNNC"; VariantName = "[No Variations]"
Add component (AddParameter): Name = "Supplier Part Number 3"; Value = "CL21B334KOCNNNC"; VariantName = "[No Variations]"
Added Component: Designator=C4(CAPC1608X92N)
Add component (AddParameter): Name = "Availability"; Value = "Unavailable"; VariantName = "[No Variations]"
Add component (AddParameter): Name = "MF"; Value = "{'manufacturer': u'Vishay'}"; VariantName = "[No Variations]"
Add component (AddParameter): Name = "MP"; Value = "VJ0603Y104KLXAC5G"; VariantName = "[No Variations]"
Add component (AddParameter): Name = "Package"; Value = "None"; VariantName = "[No Variations]"
Add component (AddParameter): Name = "Price"; Value = "None"; VariantName = "[No Variations]"
Add component (AddParameter): Name = "Value"; Value = ""; VariantName = "[No Variations]"
Added Component: Designator=D1(SODFL2512X100N)
Add component (AddParameter): Name = "Availability"; Value = "Unavailable"; VariantName = "[No Variations]"
Add component (AddParameter): Name = "MF"; Value = "{'manufacturer': u'ON'}"; VariantName = "[No Variations]"
Add component (AddParameter): Name = "MP"; Value = "1N4148WS"; VariantName = "[No Variations]"
Add component (AddParameter): Name = "Package"; Value = "None"; VariantName = "[No Variations]"
Add component (AddParameter): Name = "Price"; Value = "None"; VariantName = "[No Variations]"
Add component (AddParameter): Name = "Value"; Value = ""; VariantName = "[No Variations]"
Added Component: Designator=J1(Klemens 1x2 - 3.5mm)
Added Component: Designator=J2(Klemens 1x2 - 3.5mm)
Added Component: Designator=L1(EATON_DR127)
Add component (AddParameter): Name = "Supplier 1"; Value = "Digi-Key"; VariantName = "[No Variations]"
Add component (AddParameter): Name = "Supplier 2"; Value = "Farnell"; VariantName = "[No Variations]"
Add component (AddParameter): Name = "Supplier 3"; Value = "Mouser"; VariantName = "[No Variations]"
Add component (AddParameter): Name = "Supplier 4"; Value = "Arrow Electronics"; VariantName = "[No Variations]"
Add component (AddParameter): Name = "Supplier Part Number 1"; Value = "513-1038-1-ND"; VariantName = "[No Variations]"
Add component (AddParameter): Name = "Supplier Part Number 2"; Value = "3650504"; VariantName = "[No Variations]"
Add component (AddParameter): Name = "Supplier Part Number 3"; Value = "704-DR127-101-R"; VariantName = "[No Variations]"
Add component (AddParameter): Name = "Supplier Part Number 4"; Value = "DR127-101-R"; VariantName = "[No Variations]"
Add component (AddParameter): Name = "Inductance"; Value = "100 µH"; VariantName = "[No Variations]"
Added Component: Designator=R2(ROYALOHM_RES_0603)
Add component (AddParameter): Name = "Resistance"; Value = "2 k"; VariantName = "[No Variations]"
Added Component: Designator=R3(ROYALOHM_RES_0805)
Add component (AddParameter): Name = "Resistance"; Value = "2.2 k"; VariantName = "[No Variations]"
Added Component: Designator=VR1(TO170P1524X483-6N)
Add component (AddParameter): Name = "Availability"; Value = "Unavailable"; VariantName = "[No Variations]"
Add component (AddParameter): Name = "MF"; Value = "{'manufacturer': u'Texas Instruments'}"; VariantName = "[No Variations]"
Add component (AddParameter): Name = "MP"; Value = "LM2577S-ADJ"; VariantName = "[No Variations]"
Add component (AddParameter): Name = "Package"; Value = "None"; VariantName = "[No Variations]"
Add component (AddParameter): Name = "Price"; Value = "None"; VariantName = "[No Variations]"
Add component (AddParameter): Name = "Value"; Value = ""; VariantName = "[No Variations]"
Added Pin To Net: NetName=NetC1_1 Pin=C1-1
Added Pin To Net: NetName=GND Pin=C1-2
Added Pin To Net: NetName=NetC2_2 Pin=C2-2
Added Pin To Net: NetName=NetC2_2 Pin=C3-1
Added Pin To Net: NetName=NetC3_2 Pin=C3-2
Added Pin To Net: NetName=NetC2_2 Pin=C4-1
Added Pin To Net: NetName=NetC4_2 Pin=C4-2
Added Pin To Net: NetName=NetD1_A Pin=D1-A
Added Pin To Net: NetName=NetC1_1 Pin=D1-C
Added Pin To Net: NetName=NetC1_1 Pin=J1-1
Added Pin To Net: NetName=GND Pin=J1-2
Added Pin To Net: NetName=NetC2_2 Pin=J2-1
Added Pin To Net: NetName=NetC4_2 Pin=J2-2
Added Pin To Net: NetName=NetC4_2 Pin=L1-1
Added Pin To Net: NetName=NetD1_A Pin=L1-2
Added Pin To Net: NetName=NetR1_1 Pin=R2-1
Added Pin To Net: NetName=NetR2_2 Pin=R2-2
Added Pin To Net: NetName=NetC3_2 Pin=R3-1
Added Pin To Net: NetName=NetR3_2 Pin=R3-2
Added Pin To Net: NetName=NetR3_2 Pin=VR1-1
Added Pin To Net: NetName=NetR1_1 Pin=VR1-2
Added Pin To Net: NetName=NetR2_2 Pin=VR1-3
Added Pin To Net: NetName=NetD1_A Pin=VR1-4
Added Pin To Net: NetName=NetC4_2 Pin=VR1-5
Added Pin To Net: NetName=GND Pin=VR1-6
Added Member To Class: ClassName=boost__ Member=Component C1 TAJC227M010RNJ
Added Member To Class: ClassName=boost__ Member=Component C2 T491B106M016AT
Added Member To Class: ClassName=boost__ Member=Component C3 CL21B334KOCNNNC
Added Member To Class: ClassName=boost__ Member=Component C4 100unF
Added Member To Class: ClassName=boost__ Member=Component D1 1N4148WS
Added Member To Class: ClassName=boost__ Member=Component J1 OUT
Added Member To Class: ClassName=boost__ Member=Component J2 POWER_IN
Added Member To Class: ClassName=boost__ Member=Component L1 DR127-101-R
Added Member To Class: ClassName=boost__ Member=Component R2 0603SAJ0202T5E
Added Member To Class: ClassName=boost__ Member=Component R3 0805S8J0222T5E
Added Member To Class: ClassName=boost__ Member=Component VR1 LM2577S-ADJ
Added Room: Name=boost__
